<?xml version="1.0" encoding="UTF-8" ?>
<testsuites errors="1"
            failures="1"
            tests="4">

  <testsuite name="leavelab"
    errors="1" failures="1" hostname="" id="" package="leavelab" skipped="0"
    tests="4" time="38.46" timestamp="">
  
    <testcase name="Creating a Company" classname="leavelab" time="11.77" assertions="6">

    

    

    

    

    

    
    </testcase>
  
    <testcase name="Create department" classname="leavelab" time="9.008" assertions="3">

    

    

    
    </testcase>
  
    <testcase name="Create Employee" classname="leavelab" time="0.009000" assertions="0">
    </testcase>
  
    <testcase name="Create Leave Request" classname="leavelab" time="17.66" assertions="1">  <failure message="Testing if element [0;33m&lt;Element [name=@success]&gt;[0m is present in 5000ms - expected [0;32m&#34;is present&#34;[0m but got: [0;31m&#34;not present&#34;[0m [0;90m(5124ms)[0m">    at Page.LeaveRequest (/home/gbobilles/Desktop/nightwatch/page-objects/LeaveLabPO.js:316:31)
    at Object.Create Leave Request (/home/gbobilles/Desktop/nightwatch/tests/leavelab.js:33:14)</failure>

    
      <failure message="    at Page.LeaveRequest (/home/gbobilles/Desktop/nightwatch/page-objects/LeaveLabPO.js:316:31)">    at Object.Create Leave Request (/home/gbobilles/Desktop/nightwatch/tests/leavelab.js:33:14)</failure>
      <error message="Error while running &#34;elementPresent&#34; command: Testing if element [0;33m&lt;Element [name=@success]&gt;[0m is present in 5000ms - expected [0;32m&#34;is present&#34;[0m but got: [0;31m&#34;not present&#34;[0m [0;90m(5124ms)[0m" type="error">    at Object.Create Leave Request (/home/gbobilles/Desktop/nightwatch/tests/leavelab.js:33:14)</error>
    
    </testcase>
  

  
    <system-err>
      [0;31m  TimeoutError: An error occurred while running .click() command on &lt;Element [name=@createLeaveBtn]&gt;: unknown error; Reached error page: about:neterror?e=redirectLoop&amp;u=http%3A//localhost%3A3000/&amp;c=UTF-8&amp;f=regular&amp;d=Firefox%20has%20detected%20that%20the%20server%20is%20redirecting%20the%20request%20for%20this%20address%20in%20a%20way%20that%20will%20never%20complete.
   {&#34;status&#34;:-1,&#34;value&#34;:{&#34;error&#34;:&#34;unknown error&#34;,&#34;message&#34;:&#34;Reached error page: about:neterror?e=redirectLoop&amp;u=http%3A//localhost%3A3000/&amp;c=UTF-8&amp;f=regular&amp;d=Firefox%20has%20detected%20that%20the%20server%20is%20redirecting%20the%20request%20for%20this%20address%20in%20a%20way%20that%20will%20never%20complete.&#34;,&#34;stacktrace&#34;:&#34;WebDriverError@chrome://marionette/content/error.js:175:5\nUnknownError@chrome://marionette/content/error.js:482:5\nhandleReadyState@chrome://marionette/content/listener.js:297:13\nhandleEvent@chrome://marionette/content/listener.js:263:14\n&#34;},&#34;errorStatus&#34;:&#34;&#34;,&#34;error&#34;:&#34;Reached error page: about:neterror?e=redirectLoop&amp;u=http%3A//localhost%3A3000/&amp;c=UTF-8&amp;f=regular&amp;d=Firefox%20has%20detected%20that%20the%20server%20is%20redirecting%20the%20request%20for%20this%20address%20in%20a%20way%20that%20will%20never%20complete.&#34;,&#34;httpStatusCode&#34;:500}[0m
[0;90m       at process._tickCallback (internal/process/next_tick.js:68:7)[0m
    </system-err>
  

  
  </testsuite>
</testsuites>
